<?xml version="1.0" encoding="UTF-8"?>
<!-- Generated by org.testng.reporters.JUnitReportReporter -->
<testsuite skipped="0" hostname="350138591650T" name="demo.TestNGMultiBrowserDemo2" tests="1" failures="0" timestamp="07 Sep 2018 12:52:37 GMT" time="6.567" errors="0">
  <testcase name="test1" time="6.567" classname="demo.TestNGMultiBrowserDemo2"/>
</testsuite> <!-- demo.TestNGMultiBrowserDemo2 -->
