<?xml version="1.0" encoding="UTF-8"?>
<!-- Generated by org.testng.reporters.JUnitReportReporter -->
<testsuite skipped="0" hostname="350138591650T" name="utils.ExcelDataProvider" tests="3" failures="0" timestamp="06 Sep 2018 17:24:41 GMT" time="9.276" errors="0">
  <testcase name="test1" time="4.490" classname="utils.ExcelDataProvider"/>
  <testcase name="test1" time="2.406" classname="utils.ExcelDataProvider"/>
  <testcase name="test1" time="2.380" classname="utils.ExcelDataProvider"/>
</testsuite> <!-- utils.ExcelDataProvider -->
