<?xml version="1.0" encoding="UTF-8"?>
<!-- Generated by org.testng.reporters.JUnitReportReporter -->
<testsuite skipped="1" hostname="350138591650T" name="demo.TestNGIgnoreDemo" tests="2" failures="0" timestamp="07 Sep 2018 15:39:05 GMT" time="0.008" errors="0">
  <testcase name="test2" time="0.008" classname="demo.TestNGIgnoreDemo"/>
  <testcase name="test1" classname="demo.TestNGIgnoreDemo">
    <skipped/>
  </testcase> <!-- test1 -->
</testsuite> <!-- demo.TestNGIgnoreDemo -->
