<?xml version="1.0" encoding="UTF-8"?>
<!-- Generated by org.testng.reporters.JUnitReportReporter -->
<testsuite skipped="1" hostname="350138591650T" name="listeners.TestNGListenerDemo2" tests="3" failures="0" timestamp="06 Sep 2018 19:29:08 GMT" time="0.004" errors="0">
  <testcase name="test6" time="0.001" classname="listeners.TestNGListenerDemo2">
    <skipped/>
  </testcase> <!-- test6 -->
  <testcase name="test4" time="0.001" classname="listeners.TestNGListenerDemo2"/>
  <testcase name="test5" time="0.002" classname="listeners.TestNGListenerDemo2"/>
</testsuite> <!-- listeners.TestNGListenerDemo2 -->
