<?xml version="1.0" encoding="UTF-8"?>
<!-- Generated by org.testng.reporters.JUnitReportReporter -->
<testsuite skipped="0" hostname="350138591650T" name="demo.TestNGPriorityDemo" tests="3" failures="0" timestamp="07 Sep 2018 16:26:17 GMT" time="0.011" errors="0">
  <testcase name="test1" time="0.008" classname="demo.TestNGPriorityDemo"/>
  <testcase name="test2" time="0.002" classname="demo.TestNGPriorityDemo"/>
  <testcase name="test3" time="0.001" classname="demo.TestNGPriorityDemo"/>
</testsuite> <!-- demo.TestNGPriorityDemo -->
