<?xml version="1.0" encoding="UTF-8"?>
<!-- Generated by org.testng.reporters.JUnitReportReporter -->
<testsuite skipped="0" hostname="350138591650T" name="demo.TestNGGroupsDemo" tests="4" failures="0" timestamp="07 Sep 2018 15:29:05 GMT" time="0.012" errors="0">
  <testcase name="test4" time="0.000" classname="demo.TestNGGroupsDemo"/>
  <testcase name="test2" time="0.001" classname="demo.TestNGGroupsDemo"/>
  <testcase name="test1" time="0.010" classname="demo.TestNGGroupsDemo"/>
  <testcase name="test3" time="0.001" classname="demo.TestNGGroupsDemo"/>
</testsuite> <!-- demo.TestNGGroupsDemo -->
