<?xml version="1.0" encoding="UTF-8"?>
<!-- Generated by org.testng.reporters.JUnitReportReporter -->
<testsuite skipped="0" hostname="350138591650T" name="test.TestNG_Demo2" tests="1" failures="0" timestamp="04 Sep 2018 21:05:40 GMT" time="14.729" errors="0">
  <testcase name="googleSearch3" time="14.729" classname="test.TestNG_Demo2"/>
</testsuite> <!-- test.TestNG_Demo2 -->
