<?xml version="1.0" encoding="UTF-8"?>
<!-- Generated by org.testng.reporters.JUnitReportReporter -->
<testsuite skipped="0" hostname="350138591650T" name="demo.TestNGDependencyDemo" tests="3" failures="0" timestamp="07 Sep 2018 15:34:22 GMT" time="0.037" errors="0">
  <testcase name="test1" time="0.001" classname="demo.TestNGDependencyDemo"/>
  <testcase name="test3" time="0.003" classname="demo.TestNGDependencyDemo"/>
  <testcase name="test2" time="0.033" classname="demo.TestNGDependencyDemo"/>
</testsuite> <!-- demo.TestNGDependencyDemo -->
