<?xml version="1.0" encoding="UTF-8"?>
<!-- Generated by org.testng.reporters.JUnitReportReporter -->
<testsuite skipped="0" hostname="350138591650T" name="test.TestNG_Demo" tests="1" failures="0" timestamp="12 Sep 2018 12:36:33 GMT" time="9.208" errors="0">
  <testcase name="googleSearch" time="9.208" classname="test.TestNG_Demo"/>
</testsuite> <!-- test.TestNG_Demo -->
