<?xml version="1.0" encoding="UTF-8"?>
<!-- Generated by org.testng.reporters.JUnitReportReporter -->
<testsuite skipped="0" hostname="350138591650T" name="test.ExtentReportsDemoWithTsetNG" tests="2" failures="0" timestamp="04 Sep 2018 16:17:43 GMT" time="5.330" errors="0">
  <testcase name="test2" time="0.002" classname="test.ExtentReportsDemoWithTsetNG"/>
  <testcase name="test1" time="5.328" classname="test.ExtentReportsDemoWithTsetNG"/>
</testsuite> <!-- test.ExtentReportsDemoWithTsetNG -->
